<?xml version="1.0" encoding="UTF-8"?>
<coverage generated="1765719194704" clover="3.2.0">
  <project timestamp="1765719194704" name="All files">
    <metrics statements="31" coveredstatements="31" conditionals="3" coveredconditionals="3" methods="14" coveredmethods="14" elements="48" coveredelements="48" complexity="0" loc="31" ncloc="31" packages="1" files="2" classes="2"/>
    <file name="App.tsx" path="C:\Users\autom\Desktop\studia\IV rok\orange\ZPI2025_zaoczni_Orange\src\App.tsx">
      <metrics statements="8" coveredstatements="8" conditionals="0" coveredconditionals="0" methods="3" coveredmethods="3"/>
      <line num="1" count="1" type="stmt"/>
      <line num="2" count="1" type="stmt"/>
      <line num="3" count="1" type="stmt"/>
      <line num="4" count="1" type="stmt"/>
      <line num="7" count="7" type="stmt"/>
      <line num="9" count="7" type="stmt"/>
      <line num="21" count="2" type="stmt"/>
      <line num="35" count="1" type="stmt"/>
    </file>
    <file name="utils.ts" path="C:\Users\autom\Desktop\studia\IV rok\orange\ZPI2025_zaoczni_Orange\src\utils.ts">
      <metrics statements="23" coveredstatements="23" conditionals="3" coveredconditionals="3" methods="11" coveredmethods="11"/>
      <line num="3" count="1" type="stmt"/>
      <line num="4" count="5" type="stmt"/>
      <line num="7" count="1" type="stmt"/>
      <line num="8" count="4" type="stmt"/>
      <line num="11" count="1" type="stmt"/>
      <line num="12" count="6" type="stmt"/>
      <line num="15" count="1" type="cond" truecount="1" falsecount="0"/>
      <line num="16" count="4" type="stmt"/>
      <line num="19" count="1" type="stmt"/>
      <line num="20" count="8" type="stmt"/>
      <line num="21" count="8" type="stmt"/>
      <line num="24" count="1" type="stmt"/>
      <line num="25" count="5" type="cond" truecount="2" falsecount="0"/>
      <line num="26" count="4" type="stmt"/>
      <line num="29" count="1" type="stmt"/>
      <line num="30" count="7" type="stmt"/>
      <line num="33" count="1" type="stmt"/>
      <line num="34" count="5" type="stmt"/>
      <line num="37" count="6" type="stmt"/>
      <line num="38" count="6" type="stmt"/>
      <line num="39" count="6" type="stmt"/>
      <line num="43" count="6" type="stmt"/>
      <line num="47" count="1" type="stmt"/>
    </file>
  </project>
</coverage>
