TN:
SF:src\App.tsx
FN:6,App
FN:21,(anonymous_2)
FN:21,(anonymous_3)
FNF:3
FNH:3
FNDA:7,App
FNDA:2,(anonymous_2)
FNDA:2,(anonymous_3)
DA:1,1
DA:2,1
DA:3,1
DA:4,1
DA:7,7
DA:9,7
DA:21,2
DA:35,1
LF:8
LH:8
BRF:0
BRH:0
end_of_record
TN:
SF:src\utils.ts
FN:3,(anonymous_0)
FN:7,(anonymous_1)
FN:11,(anonymous_2)
FN:15,(anonymous_3)
FN:19,(anonymous_4)
FN:24,(anonymous_5)
FN:29,(anonymous_6)
FN:30,(anonymous_7)
FN:36,(anonymous_8)
FN:42,(anonymous_9)
FN:46,(anonymous_10)
FNF:11
FNH:11
FNDA:5,(anonymous_0)
FNDA:4,(anonymous_1)
FNDA:6,(anonymous_2)
FNDA:4,(anonymous_3)
FNDA:8,(anonymous_4)
FNDA:5,(anonymous_5)
FNDA:3,(anonymous_6)
FNDA:7,(anonymous_7)
FNDA:6,(anonymous_8)
FNDA:6,(anonymous_9)
FNDA:1,(anonymous_10)
DA:3,1
DA:4,5
DA:7,1
DA:8,4
DA:11,1
DA:12,6
DA:15,1
DA:16,4
DA:19,1
DA:20,8
DA:21,8
DA:24,1
DA:25,5
DA:26,4
DA:29,1
DA:30,7
DA:33,1
DA:34,5
DA:37,6
DA:38,6
DA:39,6
DA:43,6
DA:47,1
LF:23
LH:23
BRDA:15,0,0,3
BRDA:25,1,0,1
BRDA:25,1,1,4
BRF:3
BRH:3
end_of_record
